<?xml version="1.0" encoding="UTF-8"?>
<testsuite xmlns:xsi="http://www.w3.org/2001/XMLSchema-instance" xsi:noNamespaceSchemaLocation="https://maven.apache.org/surefire/maven-surefire-plugin/xsd/surefire-test-report.xsd" name="com.nesum.nesum.user.application.UserServiceImplUnitTest" time="0.125" tests="2" errors="1" skipped="0" failures="1">
  <properties>
[...]
</properties>
  <testcase name="userCreateProcessTestFail" classname="com.nesum.nesum.user.application.UserServiceImplUnitTest" time="0.103">
    <failure message="Unexpected exception type thrown ==&gt; expected: &lt;com.nesum.nesum.user.application.exception.UserFieldsRuntimeException&gt; but was: &lt;java.lang.UnsupportedOperationException&gt;" type="org.opentest4j.AssertionFailedError"><![CDATA[org.opentest4j.AssertionFailedError: Unexpected exception type thrown ==> expected: <com.nesum.nesum.user.application.exception.UserFieldsRuntimeException> but was: <java.lang.UnsupportedOperationException>
	at com.nesum.nesum.user.application.UserServiceImplUnitTest.userCreateProcessTestFail(UserServiceImplUnitTest.java:41)
Caused by: java.lang.UnsupportedOperationException: Unimplemented method 'userCreateProcess'
	at com.nesum.nesum.user.application.UserServiceImplUnitTest.lambda$userCreateProcessTestFail$0(UserServiceImplUnitTest.java:42)
	at com.nesum.nesum.user.application.UserServiceImplUnitTest.userCreateProcessTestFail(UserServiceImplUnitTest.java:41)
]]></failure>
  </testcase>
  <testcase name="userCreateProcessTestOk" classname="com.nesum.nesum.user.application.UserServiceImplUnitTest" time="0.02">
    <error message="Unimplemented method &apos;userCreateProcess&apos;" type="java.lang.UnsupportedOperationException">java.lang.UnsupportedOperationException: Unimplemented method 'userCreateProcess'
	at com.nesum.nesum.user.application.UserServiceImplUnitTest.userCreateProcessTestOk(UserServiceImplUnitTest.java:49)
</error>
  </testcase>
</testsuite>